Change Component Designator: Old Designator=* New Designator=*1
Change Component Designator: Old Designator=C7 New Designator=C8
Change Component Designator: Old Designator=C8 New Designator=C9
Change Component Designator: Old Designator=C9 New Designator=C10
Change Component Designator: Old Designator=C10 New Designator=C11
Change Component Designator: Old Designator=C11 New Designator=C12
Change Component Designator: Old Designator=C12 New Designator=C13
Change Component Designator: Old Designator=C13 New Designator=C18
Change Component Designator: Old Designator=C14 New Designator=C19
Change Component Designator: Old Designator=C? New Designator=C7
Change Component Designator: Old Designator=C? New Designator=C14
Change Component Designator: Old Designator=C? New Designator=C15
Change Component Designator: Old Designator=C? New Designator=C16
Change Component Designator: Old Designator=C? New Designator=C17
Change Component Designator: Old Designator=C? New Designator=C20
Change Component Designator: Old Designator=L? New Designator=L1
Change Component Designator: Old Designator=R3 New Designator=R9
Change Component Designator: Old Designator=R4 New Designator=R10
Change Component Designator: Old Designator=R? New Designator=R3
Change Component Designator: Old Designator=R? New Designator=R4
Change Component Designator: Old Designator=R? New Designator=R5
Change Component Designator: Old Designator=R? New Designator=R6
Change Component Designator: Old Designator=R? New Designator=R7
Change Component Designator: Old Designator=R? New Designator=R8
Change Component Designator: Old Designator=R? New Designator=R11
Change Component Designator: Old Designator=R? New Designator=R12
