Replace Part BAT1 BAT in C:\Users\zhangcaocao\Desktop\STM32_FFT\STM32_FFT\Sheet_PCB\STM32_FFT.SchDoc with BAT from MiniSTM32 V3.0·â×°¿â.IntLib
Replace Part BOOT1 Header 3X2 in C:\Users\zhangcaocao\Desktop\STM32_FFT\STM32_FFT\Sheet_PCB\STM32_FFT.SchDoc with Header 3X2 from MiniSTM32 V3.0·â×°¿â.IntLib
Replace Part C1 C in C:\Users\zhangcaocao\Desktop\STM32_FFT\STM32_FFT\Sheet_PCB\STM32_FFT.SchDoc with C from MiniSTM32 V3.0·â×°¿â.IntLib
Replace Part C2 C in C:\Users\zhangcaocao\Desktop\STM32_FFT\STM32_FFT\Sheet_PCB\STM32_FFT.SchDoc with C from MiniSTM32 V3.0·â×°¿â.IntLib
Replace Part C3 C in C:\Users\zhangcaocao\Desktop\STM32_FFT\STM32_FFT\Sheet_PCB\STM32_FFT.SchDoc with C from MiniSTM32 V3.0·â×°¿â.IntLib
Replace Part C4 C in C:\Users\zhangcaocao\Desktop\STM32_FFT\STM32_FFT\Sheet_PCB\STM32_FFT.SchDoc with C from MiniSTM32 V3.0·â×°¿â.IntLib
Replace Part C5 C in C:\Users\zhangcaocao\Desktop\STM32_FFT\STM32_FFT\Sheet_PCB\STM32_FFT.SchDoc with C from MiniSTM32 V3.0·â×°¿â.IntLib
Replace Part C6 C in C:\Users\zhangcaocao\Desktop\STM32_FFT\STM32_FFT\Sheet_PCB\STM32_FFT.SchDoc with C from MiniSTM32 V3.0·â×°¿â.IntLib
Replace Part C7 C in C:\Users\zhangcaocao\Desktop\STM32_FFT\STM32_FFT\Sheet_PCB\STM32_FFT.SchDoc with C from MiniSTM32 V3.0·â×°¿â.IntLib
Replace Part C8 C in C:\Users\zhangcaocao\Desktop\STM32_FFT\STM32_FFT\Sheet_PCB\STM32_FFT.SchDoc with C from MiniSTM32 V3.0·â×°¿â.IntLib
Replace Part C9 C in C:\Users\zhangcaocao\Desktop\STM32_FFT\STM32_FFT\Sheet_PCB\STM32_FFT.SchDoc with C from MiniSTM32 V3.0·â×°¿â.IntLib
Replace Part C10 C in C:\Users\zhangcaocao\Desktop\STM32_FFT\STM32_FFT\Sheet_PCB\STM32_FFT.SchDoc with C from MiniSTM32 V3.0·â×°¿â.IntLib
Replace Part C11 C in C:\Users\zhangcaocao\Desktop\STM32_FFT\STM32_FFT\Sheet_PCB\STM32_FFT.SchDoc with C from MiniSTM32 V3.0·â×°¿â.IntLib
Replace Part C12 C in C:\Users\zhangcaocao\Desktop\STM32_FFT\STM32_FFT\Sheet_PCB\STM32_FFT.SchDoc with C from MiniSTM32 V3.0·â×°¿â.IntLib
Replace Part C13 CAP in C:\Users\zhangcaocao\Desktop\STM32_FFT\STM32_FFT\Sheet_PCB\STM32_FFT.SchDoc with CAP from MiniSTM32 V3.0·â×°¿â.IntLib
Replace Part C14 CAP in C:\Users\zhangcaocao\Desktop\STM32_FFT\STM32_FFT\Sheet_PCB\STM32_FFT.SchDoc with CAP from MiniSTM32 V3.0·â×°¿â.IntLib
Replace Part C15 C in C:\Users\zhangcaocao\Desktop\STM32_FFT\STM32_FFT\Sheet_PCB\STM32_FFT.SchDoc with C from MiniSTM32 V3.0·â×°¿â.IntLib
Replace Part C16 C in C:\Users\zhangcaocao\Desktop\STM32_FFT\STM32_FFT\Sheet_PCB\STM32_FFT.SchDoc with C from MiniSTM32 V3.0·â×°¿â.IntLib
Replace Part D1 D in C:\Users\zhangcaocao\Desktop\STM32_FFT\STM32_FFT\Sheet_PCB\STM32_FFT.SchDoc with D from MiniSTM32 V3.0·â×°¿â.IntLib
Replace Part D2 D in C:\Users\zhangcaocao\Desktop\STM32_FFT\STM32_FFT\Sheet_PCB\STM32_FFT.SchDoc with D from MiniSTM32 V3.0·â×°¿â.IntLib
Replace Part DS0 LED2 in C:\Users\zhangcaocao\Desktop\STM32_FFT\STM32_FFT\Sheet_PCB\STM32_FFT.SchDoc with LED2 from MiniSTM32 V3.0·â×°¿â.IntLib
Replace Part DS1 LED2 in C:\Users\zhangcaocao\Desktop\STM32_FFT\STM32_FFT\Sheet_PCB\STM32_FFT.SchDoc with LED2 from MiniSTM32 V3.0·â×°¿â.IntLib
Replace Part DS2 LED2 in C:\Users\zhangcaocao\Desktop\STM32_FFT\STM32_FFT\Sheet_PCB\STM32_FFT.SchDoc with LED2 from MiniSTM32 V3.0·â×°¿â.IntLib
Replace Part DS3 LED2 in C:\Users\zhangcaocao\Desktop\STM32_FFT\STM32_FFT\Sheet_PCB\STM32_FFT.SchDoc with LED2 from MiniSTM32 V3.0·â×°¿â.IntLib
Replace Part DS4 LED2 in C:\Users\zhangcaocao\Desktop\STM32_FFT\STM32_FFT\Sheet_PCB\STM32_FFT.SchDoc with LED2 from MiniSTM32 V3.0·â×°¿â.IntLib
Replace Part DS5 LED2 in C:\Users\zhangcaocao\Desktop\STM32_FFT\STM32_FFT\Sheet_PCB\STM32_FFT.SchDoc with LED2 from MiniSTM32 V3.0·â×°¿â.IntLib
Replace Part DS6 LED2 in C:\Users\zhangcaocao\Desktop\STM32_FFT\STM32_FFT\Sheet_PCB\STM32_FFT.SchDoc with LED2 from MiniSTM32 V3.0·â×°¿â.IntLib
Replace Part DS7 LED2 in C:\Users\zhangcaocao\Desktop\STM32_FFT\STM32_FFT\Sheet_PCB\STM32_FFT.SchDoc with LED2 from MiniSTM32 V3.0·â×°¿â.IntLib
Replace Part DS_source LED2 in C:\Users\zhangcaocao\Desktop\STM32_FFT\STM32_FFT\Sheet_PCB\STM32_FFT.SchDoc with LED2 from MiniSTM32 V3.0·â×°¿â.IntLib
Replace Part K1 BUTTON in C:\Users\zhangcaocao\Desktop\STM32_FFT\STM32_FFT\Sheet_PCB\STM32_FFT.SchDoc with BUTTON from MiniSTM32 V3.0·â×°¿â.IntLib
Replace Part KEY0 KEY_M in C:\Users\zhangcaocao\Desktop\STM32_FFT\STM32_FFT\Sheet_PCB\STM32_FFT.SchDoc with KEY_M from MiniSTM32 V3.0·â×°¿â.IntLib
Replace Part KEY1 KEY_M in C:\Users\zhangcaocao\Desktop\STM32_FFT\STM32_FFT\Sheet_PCB\STM32_FFT.SchDoc with KEY_M from MiniSTM32 V3.0·â×°¿â.IntLib
Replace Part P1 Header 4 in C:\Users\zhangcaocao\Desktop\STM32_FFT\STM32_FFT\Sheet_PCB\STM32_FFT.SchDoc with Header 4 from Õ½½¢STM32¿ª·¢°åµ×°å·â×°¿â.IntLib
Replace Part P2 Header 7 in C:\Users\zhangcaocao\Desktop\STM32_FFT\STM32_FFT\Sheet_PCB\STM32_FFT.SchDoc with Header 7 from Miscellaneous Connectors.IntLib
Replace Part P3 Header 16 in C:\Users\zhangcaocao\Desktop\STM32_FFT\STM32_FFT\Sheet_PCB\STM32_FFT.SchDoc with Header 16 from MiniSTM32 V3.0·â×°¿â.IntLib
Replace Part P? Header 16 in C:\Users\zhangcaocao\Desktop\STM32_FFT\STM32_FFT\Sheet_PCB\STM32_FFT.SchDoc with Header 16 from Miscellaneous Connectors.IntLib
Replace Part R1 R in C:\Users\zhangcaocao\Desktop\STM32_FFT\STM32_FFT\Sheet_PCB\STM32_FFT.SchDoc with R from MiniSTM32 V3.0·â×°¿â.IntLib
Replace Part R2 R in C:\Users\zhangcaocao\Desktop\STM32_FFT\STM32_FFT\Sheet_PCB\STM32_FFT.SchDoc with R from MiniSTM32 V3.0·â×°¿â.IntLib
Replace Part R3 R in C:\Users\zhangcaocao\Desktop\STM32_FFT\STM32_FFT\Sheet_PCB\STM32_FFT.SchDoc with R from MiniSTM32 V3.0·â×°¿â.IntLib
Replace Part R4 R in C:\Users\zhangcaocao\Desktop\STM32_FFT\STM32_FFT\Sheet_PCB\STM32_FFT.SchDoc with R from MiniSTM32 V3.0·â×°¿â.IntLib
Replace Part R5 R in C:\Users\zhangcaocao\Desktop\STM32_FFT\STM32_FFT\Sheet_PCB\STM32_FFT.SchDoc with R from MiniSTM32 V3.0·â×°¿â.IntLib
Replace Part R6 R in C:\Users\zhangcaocao\Desktop\STM32_FFT\STM32_FFT\Sheet_PCB\STM32_FFT.SchDoc with R from MiniSTM32 V3.0·â×°¿â.IntLib
Replace Part R7 R in C:\Users\zhangcaocao\Desktop\STM32_FFT\STM32_FFT\Sheet_PCB\STM32_FFT.SchDoc with R from MiniSTM32 V3.0·â×°¿â.IntLib
Replace Part R8 R in C:\Users\zhangcaocao\Desktop\STM32_FFT\STM32_FFT\Sheet_PCB\STM32_FFT.SchDoc with R from MiniSTM32 V3.0·â×°¿â.IntLib
Replace Part R9 R in C:\Users\zhangcaocao\Desktop\STM32_FFT\STM32_FFT\Sheet_PCB\STM32_FFT.SchDoc with R from MiniSTM32 V3.0·â×°¿â.IntLib
Replace Part R10 R in C:\Users\zhangcaocao\Desktop\STM32_FFT\STM32_FFT\Sheet_PCB\STM32_FFT.SchDoc with R from MiniSTM32 V3.0·â×°¿â.IntLib
Replace Part R11 R in C:\Users\zhangcaocao\Desktop\STM32_FFT\STM32_FFT\Sheet_PCB\STM32_FFT.SchDoc with R from MiniSTM32 V3.0·â×°¿â.IntLib
Replace Part R12 R in C:\Users\zhangcaocao\Desktop\STM32_FFT\STM32_FFT\Sheet_PCB\STM32_FFT.SchDoc with R from MiniSTM32 V3.0·â×°¿â.IntLib
Replace Part R13 R in C:\Users\zhangcaocao\Desktop\STM32_FFT\STM32_FFT\Sheet_PCB\STM32_FFT.SchDoc with R from MiniSTM32 V3.0·â×°¿â.IntLib
Replace Part R14 R in C:\Users\zhangcaocao\Desktop\STM32_FFT\STM32_FFT\Sheet_PCB\STM32_FFT.SchDoc with R from MiniSTM32 V3.0·â×°¿â.IntLib
Replace Part R15 R in C:\Users\zhangcaocao\Desktop\STM32_FFT\STM32_FFT\Sheet_PCB\STM32_FFT.SchDoc with R from MiniSTM32 V3.0·â×°¿â.IntLib
Replace Part R16 R in C:\Users\zhangcaocao\Desktop\STM32_FFT\STM32_FFT\Sheet_PCB\STM32_FFT.SchDoc with R from MiniSTM32 V3.0·â×°¿â.IntLib
Replace Part RESET1 KEY_M in C:\Users\zhangcaocao\Desktop\STM32_FFT\STM32_FFT\Sheet_PCB\STM32_FFT.SchDoc with KEY_M from MiniSTM32 V3.0·â×°¿â.IntLib
Replace Part U1 STM32F103RDT6 in C:\Users\zhangcaocao\Desktop\STM32_FFT\STM32_FFT\Sheet_PCB\STM32_FFT.SchDoc with STM32F103RDT6 from MiniSTM32 V3.0·â×°¿â.IntLib
Replace Part U2 AMS1117 in C:\Users\zhangcaocao\Desktop\STM32_FFT\STM32_FFT\Sheet_PCB\STM32_FFT.SchDoc with AMS1117 from MiniSTM32 V3.0·â×°¿â.IntLib
Replace Part USB_Source USB5 in C:\Users\zhangcaocao\Desktop\STM32_FFT\STM32_FFT\Sheet_PCB\STM32_FFT.SchDoc with USB5 from MiniSTM32 V3.0·â×°¿â.IntLib
Replace Part VOUT1 Header 3X2 in C:\Users\zhangcaocao\Desktop\STM32_FFT\STM32_FFT\Sheet_PCB\STM32_FFT.SchDoc with Header 3X2 from MiniSTM32 V3.0·â×°¿â.IntLib
Replace Part VOUT2 Header 3X2 in C:\Users\zhangcaocao\Desktop\STM32_FFT\STM32_FFT\Sheet_PCB\STM32_FFT.SchDoc with Header 3X2 from MiniSTM32 V3.0·â×°¿â.IntLib
Replace Part Y1 XTAL in C:\Users\zhangcaocao\Desktop\STM32_FFT\STM32_FFT\Sheet_PCB\STM32_FFT.SchDoc with XTAL from MiniSTM32 V3.0·â×°¿â.IntLib
Replace Part Y2 XTAL in C:\Users\zhangcaocao\Desktop\STM32_FFT\STM32_FFT\Sheet_PCB\STM32_FFT.SchDoc with XTAL from MiniSTM32 V3.0·â×°¿â.IntLib
