Added Component: Designator=BAT1(BATM)
Added Component: Designator=BOOT1(HDR2X3)
Added Component: Designator=C1(0603P)
Added Component: Designator=C2(0603P)
Added Component: Designator=C3(0603P)
Added Component: Designator=C4(0603P)
Added Component: Designator=C5(0603P)
Added Component: Designator=C6(0603P)
Added Component: Designator=C7(0603P)
Added Component: Designator=C8(0603P)
Added Component: Designator=C9(0603P)
Added Component: Designator=C10(0603P)
Added Component: Designator=C11(0603P)
Added Component: Designator=C12(0603P)
Added Component: Designator=C13(0603P)
Added Component: Designator=C14(CC6.56.5)
Added Component: Designator=C15(CC6.56.5)
Added Component: Designator=C16(0603P)
Added Component: Designator=C17(0603P)
Added Component: Designator=C18(0603P)
Added Component: Designator=D1(DIODE_SOP)
Added Component: Designator=D2(DIODE_SOP)
Added Component: Designator=D3(DIODE_SOP)
Added Component: Designator=DS0(SMDLED)
Added Component: Designator=DS1(SMDLED)
Added Component: Designator=DS2(SMDLED)
Added Component: Designator=DS3(SMDLED)
Added Component: Designator=DS4(SMDLED)
Added Component: Designator=DS5(SMDLED)
Added Component: Designator=DS6(SMDLED)
Added Component: Designator=DS7(SMDLED)
Added Component: Designator=DS_source(SMDLED)
Added Component: Designator=K1(BTN8.5*8.5)
Added Component: Designator=KEY0(KEY_M)
Added Component: Designator=KEY1(KEY_M)
Added Component: Designator=LM358(LC-DIP-8)
Added Component: Designator=MIC1(MIC)
Added Component: Designator=P1(HDR1X4)
Added Component: Designator=P2(HDR1X7)
Added Component: Designator=P3(HDR1X16)
Added Component: Designator=P4(HDR1X16)
Added Component: Designator=R1(0603P)
Added Component: Designator=R2(VR5)
Added Component: Designator=R3(0603P)
Added Component: Designator=R4(0603P)
Added Component: Designator=R5(0603P)
Added Component: Designator=R6(0603P)
Added Component: Designator=R7(0603P)
Added Component: Designator=R8(0603P)
Added Component: Designator=R9(0603P)
Added Component: Designator=R10(0603P)
Added Component: Designator=R11(0603P)
Added Component: Designator=R12(0603P)
Added Component: Designator=R13(0603P)
Added Component: Designator=R14(0603P)
Added Component: Designator=R15(0603P)
Added Component: Designator=R16(0603P)
Added Component: Designator=R17(0603P)
Added Component: Designator=R18(0603P)
Added Component: Designator=R19(0603P)
Added Component: Designator=R20(0603P)
Added Component: Designator=R21(0603P)
Added Component: Designator=RESET1(KEY_M)
Added Component: Designator=U1(STM-LQFP64_M)
Added Component: Designator=U2(AMS1117)
Added Component: Designator=USB_Source(USB/SM0.8-6H5)
Added Component: Designator=VOUT3.3(HDR2X3)
Added Component: Designator=VOUT5.5(HDR2X3)
Added Component: Designator=Y1(XTAL_US)
Added Component: Designator=Y2(XTAL_US)
Added Pin To Net: NetName=BOOT0 Pin=R12-1
Added Pin To Net: NetName=BOOT0 Pin=U1-60
Added Net: Name=BOOT0
Added Pin To Net: NetName=BOOT1 Pin=R13-2
Added Pin To Net: NetName=BOOT1 Pin=U1-28
Added Net: Name=BOOT1
Added Pin To Net: NetName=GND Pin=BAT1-2
Added Pin To Net: NetName=GND Pin=BOOT1-5
Added Pin To Net: NetName=GND Pin=BOOT1-6
Added Pin To Net: NetName=GND Pin=C2-1
Added Pin To Net: NetName=GND Pin=C4-2
Added Pin To Net: NetName=GND Pin=C5-2
Added Pin To Net: NetName=GND Pin=C6-1
Added Pin To Net: NetName=GND Pin=C7-1
Added Pin To Net: NetName=GND Pin=C8-1
Added Pin To Net: NetName=GND Pin=C9-1
Added Pin To Net: NetName=GND Pin=C10-2
Added Pin To Net: NetName=GND Pin=C11-2
Added Pin To Net: NetName=GND Pin=C12-2
Added Pin To Net: NetName=GND Pin=C13-2
Added Pin To Net: NetName=GND Pin=C14-2
Added Pin To Net: NetName=GND Pin=C15-2
Added Pin To Net: NetName=GND Pin=C16-1
Added Pin To Net: NetName=GND Pin=C17-1
Added Pin To Net: NetName=GND Pin=C18-2
Added Pin To Net: NetName=GND Pin=DS_source-2
Added Pin To Net: NetName=GND Pin=KEY0-1
Added Pin To Net: NetName=GND Pin=KEY0-1
Added Pin To Net: NetName=GND Pin=KEY1-1
Added Pin To Net: NetName=GND Pin=KEY1-1
Added Pin To Net: NetName=GND Pin=LM358-4
Added Pin To Net: NetName=GND Pin=LM358-5
Added Pin To Net: NetName=GND Pin=MIC1-2
Added Pin To Net: NetName=GND Pin=P1-1
Added Pin To Net: NetName=GND Pin=P2-1
Added Pin To Net: NetName=GND Pin=P2-6
Added Pin To Net: NetName=GND Pin=P2-7
Added Pin To Net: NetName=GND Pin=P4-3
Added Pin To Net: NetName=GND Pin=R6-1
Added Pin To Net: NetName=GND Pin=RESET1-2
Added Pin To Net: NetName=GND Pin=RESET1-2
Added Pin To Net: NetName=GND Pin=U1-12
Added Pin To Net: NetName=GND Pin=U1-18
Added Pin To Net: NetName=GND Pin=U1-31
Added Pin To Net: NetName=GND Pin=U1-47
Added Pin To Net: NetName=GND Pin=U1-63
Added Pin To Net: NetName=GND Pin=U2-1
Added Pin To Net: NetName=GND Pin=USB_Source-5
Added Pin To Net: NetName=GND Pin=VOUT3.3-1
Added Pin To Net: NetName=GND Pin=VOUT3.3-3
Added Pin To Net: NetName=GND Pin=VOUT3.3-5
Added Pin To Net: NetName=GND Pin=VOUT5.5-1
Added Pin To Net: NetName=GND Pin=VOUT5.5-3
Added Pin To Net: NetName=GND Pin=VOUT5.5-5
Added Net: Name=GND
Added Pin To Net: NetName=KEY0 Pin=KEY0-2
Added Pin To Net: NetName=KEY0 Pin=KEY0-2
Added Pin To Net: NetName=KEY0 Pin=U1-52
Added Net: Name=KEY0
Added Pin To Net: NetName=KEY1 Pin=KEY1-2
Added Pin To Net: NetName=KEY1 Pin=KEY1-2
Added Pin To Net: NetName=KEY1 Pin=U1-53
Added Net: Name=KEY1
Added Pin To Net: NetName=LED0 Pin=DS0-2
Added Pin To Net: NetName=LED0 Pin=U1-58
Added Net: Name=LED0
Added Pin To Net: NetName=LED1 Pin=DS1-2
Added Pin To Net: NetName=LED1 Pin=U1-59
Added Net: Name=LED1
Added Pin To Net: NetName=LED2 Pin=DS2-2
Added Pin To Net: NetName=LED2 Pin=U1-61
Added Net: Name=LED2
Added Pin To Net: NetName=LED3 Pin=DS3-2
Added Pin To Net: NetName=LED3 Pin=U1-62
Added Net: Name=LED3
Added Pin To Net: NetName=LED4 Pin=DS4-2
Added Pin To Net: NetName=LED4 Pin=U1-14
Added Net: Name=LED4
Added Pin To Net: NetName=LED5 Pin=DS5-2
Added Pin To Net: NetName=LED5 Pin=U1-15
Added Net: Name=LED5
Added Pin To Net: NetName=LED6 Pin=DS6-2
Added Pin To Net: NetName=LED6 Pin=U1-16
Added Net: Name=LED6
Added Pin To Net: NetName=LED7 Pin=DS7-2
Added Pin To Net: NetName=LED7 Pin=U1-17
Added Net: Name=LED7
Added Pin To Net: NetName=MIC OUT Pin=D3-2
Added Pin To Net: NetName=MIC OUT Pin=P3-6
Added Pin To Net: NetName=MIC OUT Pin=U1-25
Added Net: Name=MIC OUT
Added Pin To Net: NetName=NetBAT1_1 Pin=BAT1-1
Added Pin To Net: NetName=NetBAT1_1 Pin=D2-1
Added Net: Name=NetBAT1_1
Added Pin To Net: NetName=NetBOOT1_3 Pin=BOOT1-3
Added Pin To Net: NetName=NetBOOT1_3 Pin=R12-2
Added Net: Name=NetBOOT1_3
Added Pin To Net: NetName=NetBOOT1_4 Pin=BOOT1-4
Added Pin To Net: NetName=NetBOOT1_4 Pin=R13-1
Added Net: Name=NetBOOT1_4
Added Pin To Net: NetName=NetC1_1 Pin=C1-1
Added Pin To Net: NetName=NetC1_1 Pin=LM358-1
Added Pin To Net: NetName=NetC1_1 Pin=R2-1
Added Pin To Net: NetName=NetC1_1 Pin=R2-3
Added Net: Name=NetC1_1
Added Pin To Net: NetName=NetC1_2 Pin=C1-2
Added Pin To Net: NetName=NetC1_2 Pin=D3-1
Added Net: Name=NetC1_2
Added Pin To Net: NetName=NetC3_1 Pin=C3-1
Added Pin To Net: NetName=NetC3_1 Pin=MIC1-1
Added Pin To Net: NetName=NetC3_1 Pin=R1-1
Added Net: Name=NetC3_1
Added Pin To Net: NetName=NetC3_2 Pin=C3-2
Added Pin To Net: NetName=NetC3_2 Pin=R4-1
Added Net: Name=NetC3_2
Added Pin To Net: NetName=NetC6_2 Pin=C6-2
Added Pin To Net: NetName=NetC6_2 Pin=U1-3
Added Pin To Net: NetName=NetC6_2 Pin=Y1-2
Added Net: Name=NetC6_2
Added Pin To Net: NetName=NetC7_2 Pin=C7-2
Added Pin To Net: NetName=NetC7_2 Pin=U1-4
Added Pin To Net: NetName=NetC7_2 Pin=Y1-1
Added Net: Name=NetC7_2
Added Pin To Net: NetName=NetC8_2 Pin=C8-2
Added Pin To Net: NetName=NetC8_2 Pin=R7-1
Added Pin To Net: NetName=NetC8_2 Pin=U1-5
Added Pin To Net: NetName=NetC8_2 Pin=Y2-2
Added Net: Name=NetC8_2
Added Pin To Net: NetName=NetC9_2 Pin=C9-2
Added Pin To Net: NetName=NetC9_2 Pin=R7-2
Added Pin To Net: NetName=NetC9_2 Pin=U1-6
Added Pin To Net: NetName=NetC9_2 Pin=Y2-1
Added Net: Name=NetC9_2
Added Pin To Net: NetName=NetD1_2 Pin=D1-2
Added Pin To Net: NetName=NetD1_2 Pin=D2-2
Added Pin To Net: NetName=NetD1_2 Pin=U1-1
Added Net: Name=NetD1_2
Added Pin To Net: NetName=NetDS0_1 Pin=DS0-1
Added Pin To Net: NetName=NetDS0_1 Pin=R14-1
Added Net: Name=NetDS0_1
Added Pin To Net: NetName=NetDS1_1 Pin=DS1-1
Added Pin To Net: NetName=NetDS1_1 Pin=R15-1
Added Net: Name=NetDS1_1
Added Pin To Net: NetName=NetDS2_1 Pin=DS2-1
Added Pin To Net: NetName=NetDS2_1 Pin=R16-1
Added Net: Name=NetDS2_1
Added Pin To Net: NetName=NetDS3_1 Pin=DS3-1
Added Pin To Net: NetName=NetDS3_1 Pin=R17-1
Added Net: Name=NetDS3_1
Added Pin To Net: NetName=NetDS4_1 Pin=DS4-1
Added Pin To Net: NetName=NetDS4_1 Pin=R18-1
Added Net: Name=NetDS4_1
Added Pin To Net: NetName=NetDS5_1 Pin=DS5-1
Added Pin To Net: NetName=NetDS5_1 Pin=R19-1
Added Net: Name=NetDS5_1
Added Pin To Net: NetName=NetDS6_1 Pin=DS6-1
Added Pin To Net: NetName=NetDS6_1 Pin=R20-1
Added Net: Name=NetDS6_1
Added Pin To Net: NetName=NetDS7_1 Pin=DS7-1
Added Pin To Net: NetName=NetDS7_1 Pin=R21-1
Added Net: Name=NetDS7_1
Added Pin To Net: NetName=NetDS_source_1 Pin=DS_source-1
Added Pin To Net: NetName=NetDS_source_1 Pin=R11-1
Added Net: Name=NetDS_source_1
Added Pin To Net: NetName=NetK1_3 Pin=K1-3
Added Pin To Net: NetName=NetK1_3 Pin=K1-4
Added Pin To Net: NetName=NetK1_3 Pin=USB_Source-1
Added Net: Name=NetK1_3
Added Pin To Net: NetName=NetLM358_2 Pin=LM358-2
Added Pin To Net: NetName=NetLM358_2 Pin=R2-2
Added Pin To Net: NetName=NetLM358_2 Pin=R4-2
Added Net: Name=NetLM358_2
Added Pin To Net: NetName=NetLM358_3 Pin=LM358-3
Added Pin To Net: NetName=NetLM358_3 Pin=R5-1
Added Pin To Net: NetName=NetLM358_3 Pin=R6-2
Added Net: Name=NetLM358_3
Added Pin To Net: NetName=NetLM358_6 Pin=LM358-6
Added Pin To Net: NetName=NetLM358_6 Pin=LM358-7
Added Net: Name=NetLM358_6
Added Pin To Net: NetName=NetR8_2 Pin=R8-2
Added Pin To Net: NetName=NetR8_2 Pin=USB_Source-2
Added Net: Name=NetR8_2
Added Pin To Net: NetName=NetR9_2 Pin=R9-2
Added Pin To Net: NetName=NetR9_2 Pin=R10-2
Added Pin To Net: NetName=NetR9_2 Pin=USB_Source-3
Added Net: Name=NetR9_2
Added Pin To Net: NetName=PA4 Pin=P3-11
Added Pin To Net: NetName=PA4 Pin=U1-20
Added Net: Name=PA4
Added Pin To Net: NetName=PA5 Pin=P3-10
Added Pin To Net: NetName=PA5 Pin=U1-21
Added Net: Name=PA5
Added Pin To Net: NetName=PA6 Pin=P3-9
Added Pin To Net: NetName=PA6 Pin=U1-22
Added Net: Name=PA6
Added Pin To Net: NetName=PA7 Pin=P3-8
Added Pin To Net: NetName=PA7 Pin=U1-23
Added Net: Name=PA7
Added Pin To Net: NetName=PA8 Pin=P4-12
Added Pin To Net: NetName=PA8 Pin=U1-41
Added Net: Name=PA8
Added Pin To Net: NetName=PA14 Pin=P1-2
Added Pin To Net: NetName=PA14 Pin=P4-13
Added Pin To Net: NetName=PA14 Pin=U1-49
Added Net: Name=PA14
Added Pin To Net: NetName=PA15 Pin=P4-14
Added Pin To Net: NetName=PA15 Pin=U1-50
Added Net: Name=PA15
Added Pin To Net: NetName=PB0 Pin=P3-5
Added Pin To Net: NetName=PB0 Pin=U1-26
Added Net: Name=PB0
Added Pin To Net: NetName=PB1 Pin=P3-4
Added Pin To Net: NetName=PB1 Pin=U1-27
Added Net: Name=PB1
Added Pin To Net: NetName=PB3 Pin=P4-16
Added Pin To Net: NetName=PB3 Pin=U1-55
Added Net: Name=PB3
Added Pin To Net: NetName=PB4 Pin=P3-1
Added Pin To Net: NetName=PB4 Pin=U1-56
Added Net: Name=PB4
Added Pin To Net: NetName=PB5 Pin=P3-2
Added Pin To Net: NetName=PB5 Pin=U1-57
Added Net: Name=PB5
Added Pin To Net: NetName=PB10 Pin=P3-3
Added Pin To Net: NetName=PB10 Pin=U1-29
Added Net: Name=PB10
Added Pin To Net: NetName=PB11 Pin=P2-5
Added Pin To Net: NetName=PB11 Pin=U1-30
Added Net: Name=PB11
Added Pin To Net: NetName=PB12 Pin=P4-5
Added Pin To Net: NetName=PB12 Pin=U1-33
Added Net: Name=PB12
Added Pin To Net: NetName=PB13 Pin=P2-3
Added Pin To Net: NetName=PB13 Pin=P4-6
Added Pin To Net: NetName=PB13 Pin=U1-34
Added Net: Name=PB13
Added Pin To Net: NetName=PB14 Pin=P4-7
Added Pin To Net: NetName=PB14 Pin=U1-35
Added Net: Name=PB14
Added Pin To Net: NetName=PB15 Pin=P2-4
Added Pin To Net: NetName=PB15 Pin=P4-8
Added Pin To Net: NetName=PB15 Pin=U1-36
Added Net: Name=PB15
Added Pin To Net: NetName=PC0 Pin=P3-15
Added Pin To Net: NetName=PC0 Pin=U1-8
Added Net: Name=PC0
Added Pin To Net: NetName=PC1 Pin=P3-14
Added Pin To Net: NetName=PC1 Pin=U1-9
Added Net: Name=PC1
Added Pin To Net: NetName=PC2 Pin=P3-13
Added Pin To Net: NetName=PC2 Pin=U1-10
Added Net: Name=PC2
Added Pin To Net: NetName=PC3 Pin=P3-12
Added Pin To Net: NetName=PC3 Pin=U1-11
Added Net: Name=PC3
Added Pin To Net: NetName=PC4 Pin=P3-7
Added Pin To Net: NetName=PC4 Pin=U1-24
Added Net: Name=PC4
Added Pin To Net: NetName=PC7 Pin=P4-9
Added Pin To Net: NetName=PC7 Pin=U1-38
Added Net: Name=PC7
Added Pin To Net: NetName=PC8 Pin=P4-10
Added Pin To Net: NetName=PC8 Pin=U1-39
Added Net: Name=PC8
Added Pin To Net: NetName=PC9 Pin=P4-11
Added Pin To Net: NetName=PC9 Pin=U1-40
Added Net: Name=PC9
Added Pin To Net: NetName=PC13 Pin=P3-16
Added Pin To Net: NetName=PC13 Pin=U1-2
Added Net: Name=PC13
Added Pin To Net: NetName=PD2 Pin=P4-15
Added Pin To Net: NetName=PD2 Pin=U1-54
Added Net: Name=PD2
Added Pin To Net: NetName=RESET Pin=C4-1
Added Pin To Net: NetName=RESET Pin=R3-1
Added Pin To Net: NetName=RESET Pin=RESET1-1
Added Pin To Net: NetName=RESET Pin=RESET1-1
Added Pin To Net: NetName=RESET Pin=U1-7
Added Net: Name=RESET
Added Pin To Net: NetName=SWDIO Pin=P1-3
Added Pin To Net: NetName=SWDIO Pin=U1-46
Added Net: Name=SWDIO
Added Pin To Net: NetName=U1_RX Pin=P4-1
Added Pin To Net: NetName=U1_RX Pin=U1-43
Added Net: Name=U1_RX
Added Pin To Net: NetName=U1_TX Pin=P4-2
Added Pin To Net: NetName=U1_TX Pin=U1-42
Added Net: Name=U1_TX
Added Pin To Net: NetName=USB D+ Pin=R9-1
Added Pin To Net: NetName=USB D+ Pin=U1-45
Added Net: Name=USB D+
Added Pin To Net: NetName=USB D- Pin=R8-1
Added Pin To Net: NetName=USB D- Pin=U1-44
Added Net: Name=USB D-
Added Pin To Net: NetName=VCC3.3 Pin=BOOT1-1
Added Pin To Net: NetName=VCC3.3 Pin=BOOT1-2
Added Pin To Net: NetName=VCC3.3 Pin=C2-2
Added Pin To Net: NetName=VCC3.3 Pin=C5-1
Added Pin To Net: NetName=VCC3.3 Pin=C10-1
Added Pin To Net: NetName=VCC3.3 Pin=C11-1
Added Pin To Net: NetName=VCC3.3 Pin=C12-1
Added Pin To Net: NetName=VCC3.3 Pin=C13-1
Added Pin To Net: NetName=VCC3.3 Pin=C15-1
Added Pin To Net: NetName=VCC3.3 Pin=C17-2
Added Pin To Net: NetName=VCC3.3 Pin=C18-1
Added Pin To Net: NetName=VCC3.3 Pin=D1-1
Added Pin To Net: NetName=VCC3.3 Pin=P1-4
Added Pin To Net: NetName=VCC3.3 Pin=P2-2
Added Pin To Net: NetName=VCC3.3 Pin=P4-4
Added Pin To Net: NetName=VCC3.3 Pin=R3-2
Added Pin To Net: NetName=VCC3.3 Pin=R10-1
Added Pin To Net: NetName=VCC3.3 Pin=R11-2
Added Pin To Net: NetName=VCC3.3 Pin=R14-2
Added Pin To Net: NetName=VCC3.3 Pin=R15-2
Added Pin To Net: NetName=VCC3.3 Pin=R16-2
Added Pin To Net: NetName=VCC3.3 Pin=R17-2
Added Pin To Net: NetName=VCC3.3 Pin=R18-2
Added Pin To Net: NetName=VCC3.3 Pin=R19-2
Added Pin To Net: NetName=VCC3.3 Pin=R20-2
Added Pin To Net: NetName=VCC3.3 Pin=R21-2
Added Pin To Net: NetName=VCC3.3 Pin=U1-13
Added Pin To Net: NetName=VCC3.3 Pin=U1-19
Added Pin To Net: NetName=VCC3.3 Pin=U1-32
Added Pin To Net: NetName=VCC3.3 Pin=U1-48
Added Pin To Net: NetName=VCC3.3 Pin=U1-64
Added Pin To Net: NetName=VCC3.3 Pin=U2-2
Added Pin To Net: NetName=VCC3.3 Pin=U2-4
Added Pin To Net: NetName=VCC3.3 Pin=VOUT3.3-2
Added Pin To Net: NetName=VCC3.3 Pin=VOUT3.3-4
Added Pin To Net: NetName=VCC3.3 Pin=VOUT3.3-6
Added Net: Name=VCC3.3
Added Pin To Net: NetName=VCC5 Pin=C14-1
Added Pin To Net: NetName=VCC5 Pin=C16-2
Added Pin To Net: NetName=VCC5 Pin=K1-2
Added Pin To Net: NetName=VCC5 Pin=K1-5
Added Pin To Net: NetName=VCC5 Pin=LM358-8
Added Pin To Net: NetName=VCC5 Pin=U2-3
Added Pin To Net: NetName=VCC5 Pin=VOUT5.5-2
Added Pin To Net: NetName=VCC5 Pin=VOUT5.5-4
Added Pin To Net: NetName=VCC5 Pin=VOUT5.5-6
Added Net: Name=VCC5
Added Pin To Net: NetName=VCC Pin=R1-2
Added Pin To Net: NetName=VCC Pin=R5-2
Added Net: Name=VCC
Added Class: Name=STM32_FFT
Added Room: Name=STM32_FFT
